# JRE version: OpenJDK Runtime Environment (11.0.11+9) (build 11.0.11+9-b60-7590822)
# Java VM: OpenJDK 64-Bit Server VM (11.0.11+9-b60-7590822, mixed mode, tiered, compressed oops, g1 gc, windows-amd64)
Heap:
 garbage-first heap   total 462848K, used 281523K [0x0000000080000000, 0x0000000100000000)
  region size 1024K, 16 young (16384K), 2 survivors (2048K)
 Metaspace       used 114345K, capacity 117259K, committed 117504K, reserved 1155072K
  class space    used 14769K, capacity 15885K, committed 15948K, reserved 1048576K
GC Heap History (20 events):
Event: 21.016 GC heap before
{Heap before GC invocations=26 (full 0):
 garbage-first heap   total 394240K, used 268075K [0x0000000080000000, 0x0000000100000000)
  region size 1024K, 19 young (19456K), 8 survivors (8192K)
 Metaspace       used 99003K, capacity 101634K, committed 101760K, reserved 1136640K
  class space    used 12983K, capacity 13956K, committed 14028K, reserved 1048576K
}
Event: 21.024 GC heap after
{Heap after GC invocations=27 (full 0):
 garbage-first heap   total 394240K, used 254048K [0x0000000080000000, 0x0000000100000000)
  region size 1024K, 1 young (1024K), 1 survivors (1024K)
 Metaspace       used 99003K, capacity 101634K, committed 101760K, reserved 1136640K
  class space    used 12983K, capacity 13956K, committed 14028K, reserved 1048576K
}
Event: 21.143 GC heap before
{Heap before GC invocations=27 (full 0):
 garbage-first heap   total 394240K, used 265312K [0x0000000080000000, 0x0000000100000000)
  region size 1024K, 13 young (13312K), 1 survivors (1024K)
 Metaspace       used 99287K, capacity 101978K, committed 102016K, reserved 1136640K
  class space    used 13018K, capacity 14006K, committed 14028K, reserved 1048576K
}
Event: 21.148 GC heap after
{Heap after GC invocations=28 (full 0):
 garbage-first heap   total 394240K, used 254045K [0x0000000080000000, 0x0000000100000000)
  region size 1024K, 1 young (1024K), 1 survivors (1024K)
 Metaspace       used 99287K, capacity 101978K, committed 102016K, reserved 1136640K
  class space    used 13018K, capacity 14006K, committed 14028K, reserved 1048576K
}
Event: 21.705 GC heap before
{Heap before GC invocations=28 (full 0):
 garbage-first heap   total 394240K, used 334941K [0x0000000080000000, 0x0000000100000000)
  region size 1024K, 62 young (63488K), 1 survivors (1024K)
 Metaspace       used 101693K, capacity 104459K, committed 104832K, reserved 1140736K
  class space    used 13341K, capacity 14415K, committed 14540K, reserved 1048576K
}
Event: 21.713 GC heap after
{Heap after GC invocations=29 (full 0):
 garbage-first heap   total 394240K, used 270331K [0x0000000080000000, 0x0000000100000000)
  region size 1024K, 7 young (7168K), 7 survivors (7168K)
 Metaspace       used 101693K, capacity 104459K, committed 104832K, reserved 1140736K
  class space    used 13341K, capacity 14415K, committed 14540K, reserved 1048576K
}
Event: 21.813 GC heap before
{Heap before GC invocations=29 (full 0):
 garbage-first heap   total 394240K, used 325627K [0x0000000080000000, 0x0000000100000000)
  region size 1024K, 60 young (61440K), 7 survivors (7168K)
 Metaspace       used 102835K, capacity 105624K, committed 105728K, reserved 1140736K
  class space    used 13517K, capacity 14611K, committed 14668K, reserved 1048576K
}
Event: 21.826 GC heap after
{Heap after GC invocations=30 (full 0):
 garbage-first heap   total 394240K, used 280886K [0x0000000080000000, 0x0000000100000000)
  region size 1024K, 8 young (8192K), 8 survivors (8192K)
 Metaspace       used 102835K, capacity 105624K, committed 105728K, reserved 1140736K
  class space    used 13517K, capacity 14611K, committed 14668K, reserved 1048576K
}
Event: 22.036 GC heap before
{Heap before GC invocations=31 (full 0):
 garbage-first heap   total 394240K, used 341302K [0x0000000080000000, 0x0000000100000000)
  region size 1024K, 55 young (56320K), 8 survivors (8192K)
 Metaspace       used 105084K, capacity 107878K, committed 108032K, reserved 1142784K
  class space    used 13790K, capacity 14896K, committed 14924K, reserved 1048576K
}
Event: 22.049 GC heap after
{Heap after GC invocations=32 (full 0):
 garbage-first heap   total 394240K, used 297232K [0x0000000080000000, 0x0000000100000000)
  region size 1024K, 4 young (4096K), 4 survivors (4096K)
 Metaspace       used 105084K, capacity 107878K, committed 108032K, reserved 1142784K
  class space    used 13790K, capacity 14896K, committed 14924K, reserved 1048576K
}
Event: 22.183 GC heap before
{Heap before GC invocations=32 (full 0):
 garbage-first heap   total 394240K, used 312592K [0x0000000080000000, 0x0000000100000000)
  region size 1024K, 19 young (19456K), 4 survivors (4096K)
 Metaspace       used 105858K, capacity 108654K, committed 108928K, reserved 1142784K
  class space    used 13857K, capacity 14943K, committed 15052K, reserved 1048576K
}
Event: 22.189 GC heap after
{Heap after GC invocations=33 (full 0):
 garbage-first heap   total 394240K, used 295862K [0x0000000080000000, 0x0000000100000000)
  region size 1024K, 2 young (2048K), 2 survivors (2048K)
 Metaspace       used 105858K, capacity 108654K, committed 108928K, reserved 1142784K
  class space    used 13857K, capacity 14943K, committed 15052K, reserved 1048576K
}
Event: 22.265 GC heap before
{Heap before GC invocations=33 (full 0):
 garbage-first heap   total 394240K, used 303030K [0x0000000080000000, 0x0000000100000000)
  region size 1024K, 11 young (11264K), 2 survivors (2048K)
 Metaspace       used 105954K, capacity 108724K, committed 108928K, reserved 1142784K
  class space    used 13861K, capacity 14945K, committed 15052K, reserved 1048576K
}
Event: 22.269 GC heap after
{Heap after GC invocations=34 (full 0):
 garbage-first heap   total 394240K, used 296241K [0x0000000080000000, 0x0000000100000000)
  region size 1024K, 2 young (2048K), 2 survivors (2048K)
 Metaspace       used 105954K, capacity 108724K, committed 108928K, reserved 1142784K
  class space    used 13861K, capacity 14945K, committed 15052K, reserved 1048576K
}
Event: 22.765 GC heap before
{Heap before GC invocations=34 (full 0):
 garbage-first heap   total 394240K, used 331057K [0x0000000080000000, 0x0000000100000000)
  region size 1024K, 43 young (44032K), 2 survivors (2048K)
 Metaspace       used 106380K, capacity 109251K, committed 109440K, reserved 1144832K
  class space    used 13896K, capacity 14991K, committed 15052K, reserved 1048576K
}
Event: 22.774 GC heap after
{Heap after GC invocations=35 (full 0):
 garbage-first heap   total 394240K, used 296905K [0x0000000080000000, 0x0000000100000000)
  region size 1024K, 6 young (6144K), 6 survivors (6144K)
 Metaspace       used 106380K, capacity 109251K, committed 109440K, reserved 1144832K
  class space    used 13896K, capacity 14991K, committed 15052K, reserved 1048576K
}
Event: 23.469 GC heap before
{Heap before GC invocations=36 (full 0):
 garbage-first heap   total 394240K, used 337865K [0x0000000080000000, 0x0000000100000000)
  region size 1024K, 46 young (47104K), 6 survivors (6144K)
 Metaspace       used 110107K, capacity 112989K, committed 113152K, reserved 1146880K
  class space    used 14207K, capacity 15337K, committed 15436K, reserved 1048576K
}
Event: 23.480 GC heap after
{Heap after GC invocations=37 (full 0):
 garbage-first heap   total 394240K, used 303591K [0x0000000080000000, 0x0000000100000000)
  region size 1024K, 6 young (6144K), 6 survivors (6144K)
 Metaspace       used 110107K, capacity 112989K, committed 113152K, reserved 1146880K
  class space    used 14207K, capacity 15337K, committed 15436K, reserved 1048576K
}
Event: 23.789 GC heap before
{Heap before GC invocations=37 (full 0):
 garbage-first heap   total 394240K, used 315879K [0x0000000080000000, 0x0000000100000000)
  region size 1024K, 19 young (19456K), 6 survivors (6144K)
 Metaspace       used 112554K, capacity 115464K, committed 115712K, reserved 1148928K
  class space    used 14517K, capacity 15628K, committed 15692K, reserved 1048576K
}
Event: 23.817 GC heap after
{Heap after GC invocations=38 (full 0):
 garbage-first heap   total 462848K, used 268211K [0x0000000080000000, 0x0000000100000000)
  region size 1024K, 2 young (2048K), 2 survivors (2048K)
 Metaspace       used 112554K, capacity 115464K, committed 115712K, reserved 1148928K
  class space    used 14517K, capacity 15628K, committed 15692K, reserved 1048576K
}

